<?xml version="1.0" encoding="UTF-8"?>
<coverage generated="1584747895159" clover="3.2.0">
  <project timestamp="1584747895159" name="All files">
    <metrics statements="18" coveredstatements="16" conditionals="9" coveredconditionals="4" methods="3" coveredmethods="3" elements="30" coveredelements="23" complexity="0" loc="18" ncloc="18" packages="1" files="1" classes="1"/>
    <file name="convertor.js" path="/home/nasr/WebstormProjects/yas-rates/helpers/convertor.js">
      <metrics statements="18" coveredstatements="16" conditionals="9" coveredconditionals="4" methods="3" coveredmethods="3"/>
      <line num="1" count="1" type="stmt"/>
      <line num="2" count="1" type="stmt"/>
      <line num="6" count="1" type="stmt"/>
      <line num="15" count="1" type="stmt"/>
      <line num="21" count="7" type="cond" truecount="2" falsecount="0"/>
      <line num="22" count="7" type="stmt"/>
      <line num="23" count="7" type="stmt"/>
      <line num="24" count="7" type="stmt"/>
      <line num="29" count="1" type="stmt"/>
      <line num="31" count="1" type="cond" truecount="1" falsecount="1"/>
      <line num="32" count="0" type="stmt"/>
      <line num="33" count="1" type="cond" truecount="1" falsecount="1"/>
      <line num="34" count="0" type="stmt"/>
      <line num="37" count="1" type="stmt"/>
      <line num="38" count="1" type="stmt"/>
      <line num="39" count="1" type="stmt"/>
      <line num="40" count="1" type="stmt"/>
      <line num="50" count="1" type="stmt"/>
    </file>
  </project>
</coverage>
