{"/home/nasr/WebstormProjects/yas-rates/helpers/convertor.js": {"path":"/home/nasr/WebstormProjects/yas-rates/helpers/convertor.js","statementMap":{"0":{"start":{"line":1,"column":15},"end":{"line":1,"column":32}},"1":{"start":{"line":2,"column":16},"end":{"line":4,"column":2}},"2":{"start":{"line":6,"column":17},"end":{"line":6,"column":50}},"3":{"start":{"line":15,"column":24},"end":{"line":48,"column":1}},"4":{"start":{"line":21,"column":22},"end":{"line":21,"column":72}},"5":{"start":{"line":22,"column":20},"end":{"line":22,"column":44}},"6":{"start":{"line":23,"column":2},"end":{"line":47,"column":4}},"7":{"start":{"line":24,"column":4},"end":{"line":46,"column":8}},"8":{"start":{"line":29,"column":31},"end":{"line":29,"column":54}},"9":{"start":{"line":31,"column":8},"end":{"line":35,"column":9}},"10":{"start":{"line":32,"column":10},"end":{"line":32,"column":54}},"11":{"start":{"line":33,"column":15},"end":{"line":35,"column":9}},"12":{"start":{"line":34,"column":10},"end":{"line":34,"column":60}},"13":{"start":{"line":37,"column":25},"end":{"line":37,"column":57}},"14":{"start":{"line":38,"column":31},"end":{"line":38,"column":47}},"15":{"start":{"line":39,"column":8},"end":{"line":39,"column":76}},"16":{"start":{"line":40,"column":8},"end":{"line":45,"column":11}},"17":{"start":{"line":50,"column":0},"end":{"line":50,"column":33}}},"fnMap":{"0":{"name":"(anonymous_0)","decl":{"start":{"line":15,"column":24},"end":{"line":15,"column":25}},"loc":{"start":{"line":20,"column":5},"end":{"line":48,"column":1}},"line":20},"1":{"name":"(anonymous_1)","decl":{"start":{"line":23,"column":21},"end":{"line":23,"column":22}},"loc":{"start":{"line":24,"column":4},"end":{"line":46,"column":8}},"line":24},"2":{"name":"(anonymous_2)","decl":{"start":{"line":28,"column":12},"end":{"line":28,"column":13}},"loc":{"start":{"line":28,"column":24},"end":{"line":46,"column":7}},"line":28}},"branchMap":{"0":{"loc":{"start":{"line":16,"column":2},"end":{"line":16,"column":11}},"type":"default-arg","locations":[{"start":{"line":16,"column":10},"end":{"line":16,"column":11}}],"line":16},"1":{"loc":{"start":{"line":17,"column":2},"end":{"line":17,"column":22}},"type":"default-arg","locations":[{"start":{"line":17,"column":17},"end":{"line":17,"column":22}}],"line":17},"2":{"loc":{"start":{"line":18,"column":2},"end":{"line":18,"column":20}},"type":"default-arg","locations":[{"start":{"line":18,"column":15},"end":{"line":18,"column":20}}],"line":18},"3":{"loc":{"start":{"line":21,"column":22},"end":{"line":21,"column":72}},"type":"cond-expr","locations":[{"start":{"line":21,"column":29},"end":{"line":21,"column":37}},{"start":{"line":21,"column":40},"end":{"line":21,"column":72}}],"line":21},"4":{"loc":{"start":{"line":31,"column":8},"end":{"line":35,"column":9}},"type":"if","locations":[{"start":{"line":31,"column":8},"end":{"line":35,"column":9}},{"start":{"line":31,"column":8},"end":{"line":35,"column":9}}],"line":31},"5":{"loc":{"start":{"line":33,"column":15},"end":{"line":35,"column":9}},"type":"if","locations":[{"start":{"line":33,"column":15},"end":{"line":35,"column":9}},{"start":{"line":33,"column":15},"end":{"line":35,"column":9}}],"line":33}},"s":{"0":1,"1":1,"2":1,"3":1,"4":7,"5":7,"6":7,"7":7,"8":1,"9":1,"10":0,"11":1,"12":0,"13":1,"14":1,"15":1,"16":1,"17":1},"f":{"0":7,"1":7,"2":1},"b":{"0":[0],"1":[0],"2":[0],"3":[6,1],"4":[0,1],"5":[0,1]},"_coverageSchema":"1a1c01bbd47fc00a2c39e90264f33305004495a9","hash":"9d6ed91a9e958bb815b706e5fabb67bd070f629b"}
}
